<?xml version="1.0" encoding="UTF-8"?>
<testng-results ignored="0" total="1" passed="1" failed="0" skipped="0">
  <reporter-output>
  </reporter-output>
  <suite started-at="2022-02-16T07:35:17Z" name="Default suite" finished-at="2022-02-16T07:35:17Z" duration-ms="286">
    <groups>
    </groups>
    <test started-at="2022-02-16T07:35:17Z" name="Default test" finished-at="2022-02-16T07:35:17Z" duration-ms="286">
      <class name="deserialization.Deserialization">
        <test-method signature="deserialization()[pri:0, instance:deserialization.Deserialization@60099951]" started-at="2022-02-16T07:35:17Z" name="deserialization" finished-at="2022-02-16T07:35:17Z" duration-ms="251" status="PASS">
          <reporter-output>
          </reporter-output>
        </test-method> <!-- deserialization -->
      </class> <!-- deserialization.Deserialization -->
    </test> <!-- Default test -->
  </suite> <!-- Default suite -->
</testng-results>
